<?xml version="1.0" encoding="UTF-8"?>
<!-- Generated by org.testng.reporters.JUnitReportReporter -->
<testsuite hostname="DESKTOP-R0LQ317" failures="0" tests="1" name="TestCases.TestCaseNo1" time="10.112" errors="0" timestamp="2024-08-08T13:24:09 IST" skipped="0">
  <testcase classname="TestCases.TestCaseNo1" name="testCase1" time="10.112">
    <system-out>
      <![CDATA[testCase1
onTestSuccess]]>
    </system-out>
  </testcase> <!-- testCase1 -->
  <system-out>
    <![CDATA[onStart
testCase1
onTestSuccess]]>
  </system-out>
</testsuite> <!-- TestCases.TestCaseNo1 -->
